
*** Running vivado
    with args -log design_2_axi_bram_ctrl_0_0.vds -m64 -product Vivado -mode batch -messageDb vivado.pb -notrace -source design_2_axi_bram_ctrl_0_0.tcl

awk: symbol lookup error: awk: undefined symbol: mpfr_z_sub

****** Vivado v2016.4 (64-bit)
  **** SW Build 1756540 on Mon Jan 23 19:11:19 MST 2017
  **** IP Build 1755317 on Mon Jan 23 20:30:07 MST 2017
    ** Copyright 1986-2016 Xilinx, Inc. All Rights Reserved.

source design_2_axi_bram_ctrl_0_0.tcl -notrace
awk: symbol lookup error: awk: undefined symbol: mpfr_z_sub
Starting RTL Elaboration : Time (s): cpu = 00:00:06 ; elapsed = 00:00:06 . Memory (MB): peak = 1082.359 ; gain = 149.086 ; free physical = 123 ; free virtual = 12754
INFO: [Synth 8-638] synthesizing module 'design_2_axi_bram_ctrl_0_0' [/csehome/dohbaek/HSD_2018_T1/hardware/hardware.srcs/sources_1/bd/design_2/ip/design_2_axi_bram_ctrl_0_0/synth/design_2_axi_bram_ctrl_0_0.vhd:108]
INFO: [Synth 8-638] synthesizing module 'axi_bram_ctrl' [/csehome/dohbaek/HSD_2018_T1/hardware/hardware.srcs/sources_1/bd/design_2/ipshared/91f5/hdl/axi_bram_ctrl_v4_0_rfs.vhd:23897]
INFO: [Synth 8-638] synthesizing module 'axi_bram_ctrl_top' [/csehome/dohbaek/HSD_2018_T1/hardware/hardware.srcs/sources_1/bd/design_2/ipshared/91f5/hdl/axi_bram_ctrl_v4_0_rfs.vhd:22901]
INFO: [Synth 8-638] synthesizing module 'full_axi' [/csehome/dohbaek/HSD_2018_T1/hardware/hardware.srcs/sources_1/bd/design_2/ipshared/91f5/hdl/axi_bram_ctrl_v4_0_rfs.vhd:21844]
INFO: [Synth 8-638] synthesizing module 'sng_port_arb' [/csehome/dohbaek/HSD_2018_T1/hardware/hardware.srcs/sources_1/bd/design_2/ipshared/91f5/hdl/axi_bram_ctrl_v4_0_rfs.vhd:9216]
INFO: [Synth 8-256] done synthesizing module 'sng_port_arb' (1#1) [/csehome/dohbaek/HSD_2018_T1/hardware/hardware.srcs/sources_1/bd/design_2/ipshared/91f5/hdl/axi_bram_ctrl_v4_0_rfs.vhd:9216]
INFO: [Synth 8-638] synthesizing module 'wr_chnl' [/csehome/dohbaek/HSD_2018_T1/hardware/hardware.srcs/sources_1/bd/design_2/ipshared/91f5/hdl/axi_bram_ctrl_v4_0_rfs.vhd:17009]
INFO: [Synth 8-638] synthesizing module 'wrap_brst' [/csehome/dohbaek/HSD_2018_T1/hardware/hardware.srcs/sources_1/bd/design_2/ipshared/91f5/hdl/axi_bram_ctrl_v4_0_rfs.vhd:10215]
INFO: [Synth 8-256] done synthesizing module 'wrap_brst' (2#1) [/csehome/dohbaek/HSD_2018_T1/hardware/hardware.srcs/sources_1/bd/design_2/ipshared/91f5/hdl/axi_bram_ctrl_v4_0_rfs.vhd:10215]
INFO: [Synth 8-638] synthesizing module 'SRL_FIFO' [/csehome/dohbaek/HSD_2018_T1/hardware/hardware.srcs/sources_1/bd/design_2/ipshared/91f5/hdl/axi_bram_ctrl_v4_0_rfs.vhd:133]
INFO: [Synth 8-638] synthesizing module 'FDR' [/opt/Xilinx/Vivado/2016.4/scripts/rt/data/unisim_comp.v:3951]
INFO: [Synth 8-256] done synthesizing module 'FDR' (3#1) [/opt/Xilinx/Vivado/2016.4/scripts/rt/data/unisim_comp.v:3951]
INFO: [Synth 8-638] synthesizing module 'MUXCY_L' [/opt/Xilinx/Vivado/2016.4/scripts/rt/data/unisim_comp.v:21293]
INFO: [Synth 8-256] done synthesizing module 'MUXCY_L' (4#1) [/opt/Xilinx/Vivado/2016.4/scripts/rt/data/unisim_comp.v:21293]
INFO: [Synth 8-638] synthesizing module 'XORCY' [/opt/Xilinx/Vivado/2016.4/scripts/rt/data/unisim_comp.v:45340]
INFO: [Synth 8-256] done synthesizing module 'XORCY' (5#1) [/opt/Xilinx/Vivado/2016.4/scripts/rt/data/unisim_comp.v:45340]
INFO: [Synth 8-638] synthesizing module 'FDRE' [/opt/Xilinx/Vivado/2016.4/scripts/rt/data/unisim_comp.v:3964]
INFO: [Synth 8-256] done synthesizing module 'FDRE' (6#1) [/opt/Xilinx/Vivado/2016.4/scripts/rt/data/unisim_comp.v:3964]
INFO: [Synth 8-638] synthesizing module 'SRL16E' [/opt/Xilinx/Vivado/2016.4/scripts/rt/data/unisim_comp.v:43328]
INFO: [Synth 8-256] done synthesizing module 'SRL16E' (7#1) [/opt/Xilinx/Vivado/2016.4/scripts/rt/data/unisim_comp.v:43328]
INFO: [Synth 8-256] done synthesizing module 'SRL_FIFO' (8#1) [/csehome/dohbaek/HSD_2018_T1/hardware/hardware.srcs/sources_1/bd/design_2/ipshared/91f5/hdl/axi_bram_ctrl_v4_0_rfs.vhd:133]
INFO: [Synth 8-256] done synthesizing module 'wr_chnl' (9#1) [/csehome/dohbaek/HSD_2018_T1/hardware/hardware.srcs/sources_1/bd/design_2/ipshared/91f5/hdl/axi_bram_ctrl_v4_0_rfs.vhd:17009]
INFO: [Synth 8-638] synthesizing module 'rd_chnl' [/csehome/dohbaek/HSD_2018_T1/hardware/hardware.srcs/sources_1/bd/design_2/ipshared/91f5/hdl/axi_bram_ctrl_v4_0_rfs.vhd:11495]
INFO: [Synth 8-256] done synthesizing module 'rd_chnl' (10#1) [/csehome/dohbaek/HSD_2018_T1/hardware/hardware.srcs/sources_1/bd/design_2/ipshared/91f5/hdl/axi_bram_ctrl_v4_0_rfs.vhd:11495]
INFO: [Synth 8-256] done synthesizing module 'full_axi' (11#1) [/csehome/dohbaek/HSD_2018_T1/hardware/hardware.srcs/sources_1/bd/design_2/ipshared/91f5/hdl/axi_bram_ctrl_v4_0_rfs.vhd:21844]
INFO: [Synth 8-256] done synthesizing module 'axi_bram_ctrl_top' (12#1) [/csehome/dohbaek/HSD_2018_T1/hardware/hardware.srcs/sources_1/bd/design_2/ipshared/91f5/hdl/axi_bram_ctrl_v4_0_rfs.vhd:22901]
INFO: [Synth 8-256] done synthesizing module 'axi_bram_ctrl' (13#1) [/csehome/dohbaek/HSD_2018_T1/hardware/hardware.srcs/sources_1/bd/design_2/ipshared/91f5/hdl/axi_bram_ctrl_v4_0_rfs.vhd:23897]
INFO: [Synth 8-256] done synthesizing module 'design_2_axi_bram_ctrl_0_0' (14#1) [/csehome/dohbaek/HSD_2018_T1/hardware/hardware.srcs/sources_1/bd/design_2/ip/design_2_axi_bram_ctrl_0_0/synth/design_2_axi_bram_ctrl_0_0.vhd:108]
Finished RTL Elaboration : Time (s): cpu = 00:00:09 ; elapsed = 00:00:09 . Memory (MB): peak = 1197.828 ; gain = 264.555 ; free physical = 126 ; free virtual = 12356
Finished RTL Optimization Phase 1 : Time (s): cpu = 00:00:09 ; elapsed = 00:00:09 . Memory (MB): peak = 1197.828 ; gain = 264.555 ; free physical = 133 ; free virtual = 12345
INFO: [Device 21-403] Loading part xc7z020clg484-1
Constraint Validation Runtime : Time (s): cpu = 00:00:00.02 ; elapsed = 00:00:00.02 . Memory (MB): peak = 1509.664 ; gain = 0.000 ; free physical = 139 ; free virtual = 12094
Finished Constraint Validation : Time (s): cpu = 00:00:16 ; elapsed = 00:00:17 . Memory (MB): peak = 1509.664 ; gain = 576.391 ; free physical = 125 ; free virtual = 11934
Finished Loading Part and Timing Information : Time (s): cpu = 00:00:16 ; elapsed = 00:00:17 . Memory (MB): peak = 1509.664 ; gain = 576.391 ; free physical = 125 ; free virtual = 11934
Finished applying 'set_property' XDC Constraints : Time (s): cpu = 00:00:16 ; elapsed = 00:00:17 . Memory (MB): peak = 1509.664 ; gain = 576.391 ; free physical = 125 ; free virtual = 11934
Finished RTL Optimization Phase 2 : Time (s): cpu = 00:00:17 ; elapsed = 00:00:17 . Memory (MB): peak = 1509.664 ; gain = 576.391 ; free physical = 142 ; free virtual = 11918
Finished Cross Boundary and Area Optimization : Time (s): cpu = 00:00:18 ; elapsed = 00:00:19 . Memory (MB): peak = 1509.664 ; gain = 576.391 ; free physical = 124 ; free virtual = 11901
Finished Applying XDC Timing Constraints : Time (s): cpu = 00:00:24 ; elapsed = 00:00:25 . Memory (MB): peak = 1509.664 ; gain = 576.391 ; free physical = 134 ; free virtual = 11601
Finished Timing Optimization : Time (s): cpu = 00:00:25 ; elapsed = 00:00:26 . Memory (MB): peak = 1509.664 ; gain = 576.391 ; free physical = 142 ; free virtual = 11547
Finished Technology Mapping : Time (s): cpu = 00:00:25 ; elapsed = 00:00:26 . Memory (MB): peak = 1509.664 ; gain = 576.391 ; free physical = 131 ; free virtual = 11537
Finished IO Insertion : Time (s): cpu = 00:00:26 ; elapsed = 00:00:26 . Memory (MB): peak = 1509.664 ; gain = 576.391 ; free physical = 151 ; free virtual = 11487
Finished Renaming Generated Instances : Time (s): cpu = 00:00:26 ; elapsed = 00:00:26 . Memory (MB): peak = 1509.664 ; gain = 576.391 ; free physical = 150 ; free virtual = 11486
Finished Rebuilding User Hierarchy : Time (s): cpu = 00:00:26 ; elapsed = 00:00:26 . Memory (MB): peak = 1509.664 ; gain = 576.391 ; free physical = 144 ; free virtual = 11480
Finished Renaming Generated Ports : Time (s): cpu = 00:00:26 ; elapsed = 00:00:26 . Memory (MB): peak = 1509.664 ; gain = 576.391 ; free physical = 143 ; free virtual = 11478
Finished Handling Custom Attributes : Time (s): cpu = 00:00:26 ; elapsed = 00:00:26 . Memory (MB): peak = 1509.664 ; gain = 576.391 ; free physical = 137 ; free virtual = 11472
Finished Renaming Generated Nets : Time (s): cpu = 00:00:26 ; elapsed = 00:00:26 . Memory (MB): peak = 1509.664 ; gain = 576.391 ; free physical = 136 ; free virtual = 11472

Report Cell Usage: 
+------+--------+------+
|      |Cell    |Count |
+------+--------+------+
|1     |LUT1    |     1|
|2     |LUT2    |    21|
|3     |LUT3    |    57|
|4     |LUT4    |    44|
|5     |LUT5    |    39|
|6     |LUT6    |   119|
|7     |MUXCY_L |     3|
|8     |SRL16E  |    12|
|9     |XORCY   |     4|
|10    |FDR     |     1|
|11    |FDRE    |   243|
+------+--------+------+
Finished Writing Synthesis Report : Time (s): cpu = 00:00:26 ; elapsed = 00:00:26 . Memory (MB): peak = 1509.664 ; gain = 576.391 ; free physical = 136 ; free virtual = 11472
synth_design: Time (s): cpu = 00:00:25 ; elapsed = 00:00:25 . Memory (MB): peak = 1526.680 ; gain = 525.902 ; free physical = 853 ; free virtual = 12163
