
*** Running vivado
    with args -log design_2_processing_system7_0_0.vds -m64 -product Vivado -mode batch -messageDb vivado.pb -notrace -source design_2_processing_system7_0_0.tcl

awk: symbol lookup error: awk: undefined symbol: mpfr_z_sub

****** Vivado v2016.4 (64-bit)
  **** SW Build 1756540 on Mon Jan 23 19:11:19 MST 2017
  **** IP Build 1755317 on Mon Jan 23 20:30:07 MST 2017
    ** Copyright 1986-2016 Xilinx, Inc. All Rights Reserved.

source design_2_processing_system7_0_0.tcl -notrace
awk: symbol lookup error: awk: undefined symbol: mpfr_z_sub
Starting RTL Elaboration : Time (s): cpu = 00:00:06 ; elapsed = 00:00:06 . Memory (MB): peak = 1092.355 ; gain = 159.086 ; free physical = 131 ; free virtual = 12782
INFO: [Synth 8-638] synthesizing module 'design_2_processing_system7_0_0' [/csehome/dohbaek/HSD_2018_T1/hardware/hardware.srcs/sources_1/bd/design_2/ip/design_2_processing_system7_0_0/synth/design_2_processing_system7_0_0.v:60]
INFO: [Synth 8-638] synthesizing module 'processing_system7_v5_5_processing_system7' [/csehome/dohbaek/HSD_2018_T1/hardware/hardware.srcs/sources_1/bd/design_2/ip/design_2_processing_system7_0_0/hdl/verilog/processing_system7_v5_5_processing_system7.v:161]
INFO: [Synth 8-638] synthesizing module 'BUFG' [/opt/Xilinx/Vivado/2016.4/scripts/rt/data/unisim_comp.v:607]
INFO: [Synth 8-256] done synthesizing module 'BUFG' (1#1) [/opt/Xilinx/Vivado/2016.4/scripts/rt/data/unisim_comp.v:607]
INFO: [Synth 8-638] synthesizing module 'BIBUF' [/opt/Xilinx/Vivado/2016.4/scripts/rt/data/unisim_comp.v:268]
INFO: [Synth 8-256] done synthesizing module 'BIBUF' (2#1) [/opt/Xilinx/Vivado/2016.4/scripts/rt/data/unisim_comp.v:268]
INFO: [Synth 8-638] synthesizing module 'PS7' [/opt/Xilinx/Vivado/2016.4/scripts/rt/data/unisim_comp.v:33182]
INFO: [Synth 8-256] done synthesizing module 'PS7' (3#1) [/opt/Xilinx/Vivado/2016.4/scripts/rt/data/unisim_comp.v:33182]
INFO: [Synth 8-256] done synthesizing module 'processing_system7_v5_5_processing_system7' (4#1) [/csehome/dohbaek/HSD_2018_T1/hardware/hardware.srcs/sources_1/bd/design_2/ip/design_2_processing_system7_0_0/hdl/verilog/processing_system7_v5_5_processing_system7.v:161]
INFO: [Synth 8-256] done synthesizing module 'design_2_processing_system7_0_0' (5#1) [/csehome/dohbaek/HSD_2018_T1/hardware/hardware.srcs/sources_1/bd/design_2/ip/design_2_processing_system7_0_0/synth/design_2_processing_system7_0_0.v:60]
Finished RTL Elaboration : Time (s): cpu = 00:00:07 ; elapsed = 00:00:07 . Memory (MB): peak = 1132.824 ; gain = 199.555 ; free physical = 131 ; free virtual = 12633
Finished RTL Optimization Phase 1 : Time (s): cpu = 00:00:07 ; elapsed = 00:00:07 . Memory (MB): peak = 1132.824 ; gain = 199.555 ; free physical = 138 ; free virtual = 12619
INFO: [Device 21-403] Loading part xc7z020clg484-1
Constraint Validation Runtime : Time (s): cpu = 00:00:00.02 ; elapsed = 00:00:00.02 . Memory (MB): peak = 1437.871 ; gain = 0.000 ; free physical = 135 ; free virtual = 12218
Finished Constraint Validation : Time (s): cpu = 00:00:14 ; elapsed = 00:00:15 . Memory (MB): peak = 1437.871 ; gain = 504.602 ; free physical = 136 ; free virtual = 12056
Finished Loading Part and Timing Information : Time (s): cpu = 00:00:14 ; elapsed = 00:00:15 . Memory (MB): peak = 1437.871 ; gain = 504.602 ; free physical = 136 ; free virtual = 12056
Finished applying 'set_property' XDC Constraints : Time (s): cpu = 00:00:14 ; elapsed = 00:00:15 . Memory (MB): peak = 1437.871 ; gain = 504.602 ; free physical = 131 ; free virtual = 12051
Finished RTL Optimization Phase 2 : Time (s): cpu = 00:00:15 ; elapsed = 00:00:15 . Memory (MB): peak = 1437.871 ; gain = 504.602 ; free physical = 148 ; free virtual = 12034
Finished Cross Boundary and Area Optimization : Time (s): cpu = 00:00:15 ; elapsed = 00:00:15 . Memory (MB): peak = 1437.871 ; gain = 504.602 ; free physical = 131 ; free virtual = 12018
Finished Applying XDC Timing Constraints : Time (s): cpu = 00:00:21 ; elapsed = 00:00:21 . Memory (MB): peak = 1604.871 ; gain = 671.602 ; free physical = 164 ; free virtual = 11718
Finished Timing Optimization : Time (s): cpu = 00:00:21 ; elapsed = 00:00:21 . Memory (MB): peak = 1624.879 ; gain = 691.609 ; free physical = 144 ; free virtual = 11698
Finished Technology Mapping : Time (s): cpu = 00:00:22 ; elapsed = 00:00:22 . Memory (MB): peak = 1632.887 ; gain = 699.617 ; free physical = 118 ; free virtual = 11673
Finished IO Insertion : Time (s): cpu = 00:00:23 ; elapsed = 00:00:24 . Memory (MB): peak = 1632.887 ; gain = 699.617 ; free physical = 137 ; free virtual = 11662
Finished Renaming Generated Instances : Time (s): cpu = 00:00:23 ; elapsed = 00:00:24 . Memory (MB): peak = 1632.887 ; gain = 699.617 ; free physical = 137 ; free virtual = 11662
Finished Rebuilding User Hierarchy : Time (s): cpu = 00:00:23 ; elapsed = 00:00:24 . Memory (MB): peak = 1632.887 ; gain = 699.617 ; free physical = 137 ; free virtual = 11662
Finished Renaming Generated Ports : Time (s): cpu = 00:00:23 ; elapsed = 00:00:24 . Memory (MB): peak = 1632.887 ; gain = 699.617 ; free physical = 137 ; free virtual = 11662
Finished Handling Custom Attributes : Time (s): cpu = 00:00:23 ; elapsed = 00:00:24 . Memory (MB): peak = 1632.887 ; gain = 699.617 ; free physical = 137 ; free virtual = 11662
Finished Renaming Generated Nets : Time (s): cpu = 00:00:23 ; elapsed = 00:00:24 . Memory (MB): peak = 1632.887 ; gain = 699.617 ; free physical = 137 ; free virtual = 11662

Report Cell Usage: 
+------+------+------+
|      |Cell  |Count |
+------+------+------+
|1     |BIBUF |   130|
|2     |BUFG  |     1|
|3     |LUT1  |   112|
|4     |PS7   |     1|
+------+------+------+
Finished Writing Synthesis Report : Time (s): cpu = 00:00:23 ; elapsed = 00:00:24 . Memory (MB): peak = 1632.887 ; gain = 699.617 ; free physical = 137 ; free virtual = 11662
synth_design: Time (s): cpu = 00:00:22 ; elapsed = 00:00:23 . Memory (MB): peak = 1645.887 ; gain = 640.113 ; free physical = 131 ; free virtual = 11537
