
*** Running vivado
    with args -log design_2_auto_pc_1.vds -m64 -product Vivado -mode batch -messageDb vivado.pb -notrace -source design_2_auto_pc_1.tcl

awk: symbol lookup error: awk: undefined symbol: mpfr_z_sub

****** Vivado v2016.4 (64-bit)
  **** SW Build 1756540 on Mon Jan 23 19:11:19 MST 2017
  **** IP Build 1755317 on Mon Jan 23 20:30:07 MST 2017
    ** Copyright 1986-2016 Xilinx, Inc. All Rights Reserved.

source design_2_auto_pc_1.tcl -notrace
awk: symbol lookup error: awk: undefined symbol: mpfr_z_sub
Starting RTL Elaboration : Time (s): cpu = 00:00:06 ; elapsed = 00:00:06 . Memory (MB): peak = 1089.355 ; gain = 156.086 ; free physical = 940 ; free virtual = 11699
INFO: [Synth 8-638] synthesizing module 'design_2_auto_pc_1' [/csehome/dohbaek/HSD_2018_T1/implementatio/implementatio.srcs/sources_1/bd/design_2/ip/design_2_auto_pc_1/synth/design_2_auto_pc_1.v:58]
INFO: [Synth 8-638] synthesizing module 'axi_protocol_converter_v2_1_11_axi_protocol_converter' [/csehome/dohbaek/HSD_2018_T1/implementatio/implementatio.srcs/sources_1/bd/design_2/ipshared/df1b/hdl/axi_protocol_converter_v2_1_vl_rfs.v:4806]
INFO: [Synth 8-256] done synthesizing module 'axi_protocol_converter_v2_1_11_axi_protocol_converter' (1#1) [/csehome/dohbaek/HSD_2018_T1/implementatio/implementatio.srcs/sources_1/bd/design_2/ipshared/df1b/hdl/axi_protocol_converter_v2_1_vl_rfs.v:4806]
INFO: [Synth 8-256] done synthesizing module 'design_2_auto_pc_1' (2#1) [/csehome/dohbaek/HSD_2018_T1/implementatio/implementatio.srcs/sources_1/bd/design_2/ip/design_2_auto_pc_1/synth/design_2_auto_pc_1.v:58]
Finished RTL Elaboration : Time (s): cpu = 00:00:21 ; elapsed = 00:00:21 . Memory (MB): peak = 1210.824 ; gain = 277.555 ; free physical = 1421 ; free virtual = 12184
Finished RTL Optimization Phase 1 : Time (s): cpu = 00:00:21 ; elapsed = 00:00:21 . Memory (MB): peak = 1210.824 ; gain = 277.555 ; free physical = 1421 ; free virtual = 12184
INFO: [Device 21-403] Loading part xc7z020clg484-1
Constraint Validation Runtime : Time (s): cpu = 00:00:00.01 ; elapsed = 00:00:00.02 . Memory (MB): peak = 1417.660 ; gain = 0.000 ; free physical = 1225 ; free virtual = 11988
Finished Constraint Validation : Time (s): cpu = 00:00:28 ; elapsed = 00:00:28 . Memory (MB): peak = 1417.660 ; gain = 484.391 ; free physical = 1185 ; free virtual = 11948
Finished Loading Part and Timing Information : Time (s): cpu = 00:00:28 ; elapsed = 00:00:28 . Memory (MB): peak = 1417.660 ; gain = 484.391 ; free physical = 1185 ; free virtual = 11948
Finished applying 'set_property' XDC Constraints : Time (s): cpu = 00:00:28 ; elapsed = 00:00:28 . Memory (MB): peak = 1417.660 ; gain = 484.391 ; free physical = 1185 ; free virtual = 11948
Finished RTL Optimization Phase 2 : Time (s): cpu = 00:00:28 ; elapsed = 00:00:28 . Memory (MB): peak = 1417.660 ; gain = 484.391 ; free physical = 1185 ; free virtual = 11948
Finished Cross Boundary and Area Optimization : Time (s): cpu = 00:00:28 ; elapsed = 00:00:28 . Memory (MB): peak = 1417.660 ; gain = 484.391 ; free physical = 1185 ; free virtual = 11947
Finished Applying XDC Timing Constraints : Time (s): cpu = 00:00:33 ; elapsed = 00:00:34 . Memory (MB): peak = 1420.645 ; gain = 487.375 ; free physical = 1062 ; free virtual = 11824
Finished Timing Optimization : Time (s): cpu = 00:00:33 ; elapsed = 00:00:34 . Memory (MB): peak = 1420.645 ; gain = 487.375 ; free physical = 1062 ; free virtual = 11824
Finished Technology Mapping : Time (s): cpu = 00:00:33 ; elapsed = 00:00:34 . Memory (MB): peak = 1430.660 ; gain = 497.391 ; free physical = 1053 ; free virtual = 11815
Finished IO Insertion : Time (s): cpu = 00:00:34 ; elapsed = 00:00:34 . Memory (MB): peak = 1430.660 ; gain = 497.391 ; free physical = 1043 ; free virtual = 11806
Finished Renaming Generated Instances : Time (s): cpu = 00:00:34 ; elapsed = 00:00:34 . Memory (MB): peak = 1430.660 ; gain = 497.391 ; free physical = 1043 ; free virtual = 11806
Finished Rebuilding User Hierarchy : Time (s): cpu = 00:00:34 ; elapsed = 00:00:34 . Memory (MB): peak = 1430.660 ; gain = 497.391 ; free physical = 1043 ; free virtual = 11806
Finished Renaming Generated Ports : Time (s): cpu = 00:00:34 ; elapsed = 00:00:34 . Memory (MB): peak = 1430.660 ; gain = 497.391 ; free physical = 1043 ; free virtual = 11806
Finished Handling Custom Attributes : Time (s): cpu = 00:00:34 ; elapsed = 00:00:34 . Memory (MB): peak = 1430.660 ; gain = 497.391 ; free physical = 1043 ; free virtual = 11806
Finished Renaming Generated Nets : Time (s): cpu = 00:00:34 ; elapsed = 00:00:34 . Memory (MB): peak = 1430.660 ; gain = 497.391 ; free physical = 1043 ; free virtual = 11806

Report Cell Usage: 
+-+-----+------+
| |Cell |Count |
+-+-----+------+
+-+-----+------+
Finished Writing Synthesis Report : Time (s): cpu = 00:00:34 ; elapsed = 00:00:34 . Memory (MB): peak = 1430.660 ; gain = 497.391 ; free physical = 1043 ; free virtual = 11806
synth_design: Time (s): cpu = 00:00:32 ; elapsed = 00:00:32 . Memory (MB): peak = 1453.660 ; gain = 452.887 ; free physical = 1014 ; free virtual = 11776
