
*** Running vivado
    with args -log design_2_auto_pc_0.vds -m64 -product Vivado -mode batch -messageDb vivado.pb -notrace -source design_2_auto_pc_0.tcl

awk: symbol lookup error: awk: undefined symbol: mpfr_z_sub

****** Vivado v2016.4 (64-bit)
  **** SW Build 1756540 on Mon Jan 23 19:11:19 MST 2017
  **** IP Build 1755317 on Mon Jan 23 20:30:07 MST 2017
    ** Copyright 1986-2016 Xilinx, Inc. All Rights Reserved.

source design_2_auto_pc_0.tcl -notrace
awk: symbol lookup error: awk: undefined symbol: mpfr_z_sub
Starting RTL Elaboration : Time (s): cpu = 00:00:06 ; elapsed = 00:00:07 . Memory (MB): peak = 1089.352 ; gain = 156.086 ; free physical = 1154 ; free virtual = 11913
INFO: [Synth 8-638] synthesizing module 'design_2_auto_pc_0' [/csehome/dohbaek/HSD_2018_T1/implementatio/implementatio.srcs/sources_1/bd/design_2/ip/design_2_auto_pc_0/synth/design_2_auto_pc_0.v:58]
INFO: [Synth 8-638] synthesizing module 'axi_protocol_converter_v2_1_11_axi_protocol_converter' [/csehome/dohbaek/HSD_2018_T1/implementatio/implementatio.srcs/sources_1/bd/design_2/ipshared/df1b/hdl/axi_protocol_converter_v2_1_vl_rfs.v:4806]
INFO: [Synth 8-638] synthesizing module 'axi_protocol_converter_v2_1_11_b2s' [/csehome/dohbaek/HSD_2018_T1/implementatio/implementatio.srcs/sources_1/bd/design_2/ipshared/df1b/hdl/axi_protocol_converter_v2_1_vl_rfs.v:4224]
INFO: [Synth 8-638] synthesizing module 'axi_protocol_converter_v2_1_11_b2s_aw_channel' [/csehome/dohbaek/HSD_2018_T1/implementatio/implementatio.srcs/sources_1/bd/design_2/ipshared/df1b/hdl/axi_protocol_converter_v2_1_vl_rfs.v:3969]
INFO: [Synth 8-638] synthesizing module 'axi_protocol_converter_v2_1_11_b2s_cmd_translator' [/csehome/dohbaek/HSD_2018_T1/implementatio/implementatio.srcs/sources_1/bd/design_2/ipshared/df1b/hdl/axi_protocol_converter_v2_1_vl_rfs.v:3467]
INFO: [Synth 8-638] synthesizing module 'axi_protocol_converter_v2_1_11_b2s_incr_cmd' [/csehome/dohbaek/HSD_2018_T1/implementatio/implementatio.srcs/sources_1/bd/design_2/ipshared/df1b/hdl/axi_protocol_converter_v2_1_vl_rfs.v:3093]
INFO: [Synth 8-256] done synthesizing module 'axi_protocol_converter_v2_1_11_b2s_incr_cmd' (1#1) [/csehome/dohbaek/HSD_2018_T1/implementatio/implementatio.srcs/sources_1/bd/design_2/ipshared/df1b/hdl/axi_protocol_converter_v2_1_vl_rfs.v:3093]
INFO: [Synth 8-638] synthesizing module 'axi_protocol_converter_v2_1_11_b2s_wrap_cmd' [/csehome/dohbaek/HSD_2018_T1/implementatio/implementatio.srcs/sources_1/bd/design_2/ipshared/df1b/hdl/axi_protocol_converter_v2_1_vl_rfs.v:2903]
INFO: [Synth 8-256] done synthesizing module 'axi_protocol_converter_v2_1_11_b2s_wrap_cmd' (2#1) [/csehome/dohbaek/HSD_2018_T1/implementatio/implementatio.srcs/sources_1/bd/design_2/ipshared/df1b/hdl/axi_protocol_converter_v2_1_vl_rfs.v:2903]
INFO: [Synth 8-256] done synthesizing module 'axi_protocol_converter_v2_1_11_b2s_cmd_translator' (3#1) [/csehome/dohbaek/HSD_2018_T1/implementatio/implementatio.srcs/sources_1/bd/design_2/ipshared/df1b/hdl/axi_protocol_converter_v2_1_vl_rfs.v:3467]
INFO: [Synth 8-638] synthesizing module 'axi_protocol_converter_v2_1_11_b2s_wr_cmd_fsm' [/csehome/dohbaek/HSD_2018_T1/implementatio/implementatio.srcs/sources_1/bd/design_2/ipshared/df1b/hdl/axi_protocol_converter_v2_1_vl_rfs.v:3225]
INFO: [Synth 8-256] done synthesizing module 'axi_protocol_converter_v2_1_11_b2s_wr_cmd_fsm' (4#1) [/csehome/dohbaek/HSD_2018_T1/implementatio/implementatio.srcs/sources_1/bd/design_2/ipshared/df1b/hdl/axi_protocol_converter_v2_1_vl_rfs.v:3225]
INFO: [Synth 8-256] done synthesizing module 'axi_protocol_converter_v2_1_11_b2s_aw_channel' (5#1) [/csehome/dohbaek/HSD_2018_T1/implementatio/implementatio.srcs/sources_1/bd/design_2/ipshared/df1b/hdl/axi_protocol_converter_v2_1_vl_rfs.v:3969]
INFO: [Synth 8-638] synthesizing module 'axi_protocol_converter_v2_1_11_b2s_b_channel' [/csehome/dohbaek/HSD_2018_T1/implementatio/implementatio.srcs/sources_1/bd/design_2/ipshared/df1b/hdl/axi_protocol_converter_v2_1_vl_rfs.v:3609]
INFO: [Synth 8-638] synthesizing module 'axi_protocol_converter_v2_1_11_b2s_simple_fifo' [/csehome/dohbaek/HSD_2018_T1/implementatio/implementatio.srcs/sources_1/bd/design_2/ipshared/df1b/hdl/axi_protocol_converter_v2_1_vl_rfs.v:2816]
INFO: [Synth 8-256] done synthesizing module 'axi_protocol_converter_v2_1_11_b2s_simple_fifo' (6#1) [/csehome/dohbaek/HSD_2018_T1/implementatio/implementatio.srcs/sources_1/bd/design_2/ipshared/df1b/hdl/axi_protocol_converter_v2_1_vl_rfs.v:2816]
INFO: [Synth 8-638] synthesizing module 'axi_protocol_converter_v2_1_11_b2s_simple_fifo__parameterized0' [/csehome/dohbaek/HSD_2018_T1/implementatio/implementatio.srcs/sources_1/bd/design_2/ipshared/df1b/hdl/axi_protocol_converter_v2_1_vl_rfs.v:2816]
INFO: [Synth 8-256] done synthesizing module 'axi_protocol_converter_v2_1_11_b2s_simple_fifo__parameterized0' (6#1) [/csehome/dohbaek/HSD_2018_T1/implementatio/implementatio.srcs/sources_1/bd/design_2/ipshared/df1b/hdl/axi_protocol_converter_v2_1_vl_rfs.v:2816]
INFO: [Synth 8-256] done synthesizing module 'axi_protocol_converter_v2_1_11_b2s_b_channel' (7#1) [/csehome/dohbaek/HSD_2018_T1/implementatio/implementatio.srcs/sources_1/bd/design_2/ipshared/df1b/hdl/axi_protocol_converter_v2_1_vl_rfs.v:3609]
INFO: [Synth 8-638] synthesizing module 'axi_protocol_converter_v2_1_11_b2s_ar_channel' [/csehome/dohbaek/HSD_2018_T1/implementatio/implementatio.srcs/sources_1/bd/design_2/ipshared/df1b/hdl/axi_protocol_converter_v2_1_vl_rfs.v:4080]
INFO: [Synth 8-638] synthesizing module 'axi_protocol_converter_v2_1_11_b2s_rd_cmd_fsm' [/csehome/dohbaek/HSD_2018_T1/implementatio/implementatio.srcs/sources_1/bd/design_2/ipshared/df1b/hdl/axi_protocol_converter_v2_1_vl_rfs.v:3336]
INFO: [Synth 8-256] done synthesizing module 'axi_protocol_converter_v2_1_11_b2s_rd_cmd_fsm' (8#1) [/csehome/dohbaek/HSD_2018_T1/implementatio/implementatio.srcs/sources_1/bd/design_2/ipshared/df1b/hdl/axi_protocol_converter_v2_1_vl_rfs.v:3336]
INFO: [Synth 8-256] done synthesizing module 'axi_protocol_converter_v2_1_11_b2s_ar_channel' (9#1) [/csehome/dohbaek/HSD_2018_T1/implementatio/implementatio.srcs/sources_1/bd/design_2/ipshared/df1b/hdl/axi_protocol_converter_v2_1_vl_rfs.v:4080]
INFO: [Synth 8-638] synthesizing module 'axi_protocol_converter_v2_1_11_b2s_r_channel' [/csehome/dohbaek/HSD_2018_T1/implementatio/implementatio.srcs/sources_1/bd/design_2/ipshared/df1b/hdl/axi_protocol_converter_v2_1_vl_rfs.v:3809]
INFO: [Synth 8-638] synthesizing module 'axi_protocol_converter_v2_1_11_b2s_simple_fifo__parameterized1' [/csehome/dohbaek/HSD_2018_T1/implementatio/implementatio.srcs/sources_1/bd/design_2/ipshared/df1b/hdl/axi_protocol_converter_v2_1_vl_rfs.v:2816]
INFO: [Synth 8-256] done synthesizing module 'axi_protocol_converter_v2_1_11_b2s_simple_fifo__parameterized1' (9#1) [/csehome/dohbaek/HSD_2018_T1/implementatio/implementatio.srcs/sources_1/bd/design_2/ipshared/df1b/hdl/axi_protocol_converter_v2_1_vl_rfs.v:2816]
INFO: [Synth 8-638] synthesizing module 'axi_protocol_converter_v2_1_11_b2s_simple_fifo__parameterized2' [/csehome/dohbaek/HSD_2018_T1/implementatio/implementatio.srcs/sources_1/bd/design_2/ipshared/df1b/hdl/axi_protocol_converter_v2_1_vl_rfs.v:2816]
INFO: [Synth 8-256] done synthesizing module 'axi_protocol_converter_v2_1_11_b2s_simple_fifo__parameterized2' (9#1) [/csehome/dohbaek/HSD_2018_T1/implementatio/implementatio.srcs/sources_1/bd/design_2/ipshared/df1b/hdl/axi_protocol_converter_v2_1_vl_rfs.v:2816]
INFO: [Synth 8-256] done synthesizing module 'axi_protocol_converter_v2_1_11_b2s_r_channel' (10#1) [/csehome/dohbaek/HSD_2018_T1/implementatio/implementatio.srcs/sources_1/bd/design_2/ipshared/df1b/hdl/axi_protocol_converter_v2_1_vl_rfs.v:3809]
INFO: [Synth 8-638] synthesizing module 'axi_register_slice_v2_1_11_axi_register_slice' [/csehome/dohbaek/HSD_2018_T1/implementatio/implementatio.srcs/sources_1/bd/design_2/ipshared/0b6b/hdl/axi_register_slice_v2_1_vl_rfs.v:791]
INFO: [Synth 8-638] synthesizing module 'axi_infrastructure_v1_1_0_axi2vector' [/csehome/dohbaek/HSD_2018_T1/implementatio/implementatio.srcs/sources_1/bd/design_2/ipshared/7e3a/hdl/axi_infrastructure_v1_1_vl_rfs.v:60]
INFO: [Synth 8-256] done synthesizing module 'axi_infrastructure_v1_1_0_axi2vector' (11#1) [/csehome/dohbaek/HSD_2018_T1/implementatio/implementatio.srcs/sources_1/bd/design_2/ipshared/7e3a/hdl/axi_infrastructure_v1_1_vl_rfs.v:60]
INFO: [Synth 8-638] synthesizing module 'axi_register_slice_v2_1_11_axic_register_slice' [/csehome/dohbaek/HSD_2018_T1/implementatio/implementatio.srcs/sources_1/bd/design_2/ipshared/0b6b/hdl/axi_register_slice_v2_1_vl_rfs.v:85]
INFO: [Synth 8-256] done synthesizing module 'axi_register_slice_v2_1_11_axic_register_slice' (12#1) [/csehome/dohbaek/HSD_2018_T1/implementatio/implementatio.srcs/sources_1/bd/design_2/ipshared/0b6b/hdl/axi_register_slice_v2_1_vl_rfs.v:85]
INFO: [Synth 8-638] synthesizing module 'axi_register_slice_v2_1_11_axic_register_slice__parameterized0' [/csehome/dohbaek/HSD_2018_T1/implementatio/implementatio.srcs/sources_1/bd/design_2/ipshared/0b6b/hdl/axi_register_slice_v2_1_vl_rfs.v:85]
INFO: [Synth 8-256] done synthesizing module 'axi_register_slice_v2_1_11_axic_register_slice__parameterized0' (12#1) [/csehome/dohbaek/HSD_2018_T1/implementatio/implementatio.srcs/sources_1/bd/design_2/ipshared/0b6b/hdl/axi_register_slice_v2_1_vl_rfs.v:85]
INFO: [Synth 8-638] synthesizing module 'axi_register_slice_v2_1_11_axic_register_slice__parameterized1' [/csehome/dohbaek/HSD_2018_T1/implementatio/implementatio.srcs/sources_1/bd/design_2/ipshared/0b6b/hdl/axi_register_slice_v2_1_vl_rfs.v:85]
INFO: [Synth 8-256] done synthesizing module 'axi_register_slice_v2_1_11_axic_register_slice__parameterized1' (12#1) [/csehome/dohbaek/HSD_2018_T1/implementatio/implementatio.srcs/sources_1/bd/design_2/ipshared/0b6b/hdl/axi_register_slice_v2_1_vl_rfs.v:85]
INFO: [Synth 8-638] synthesizing module 'axi_register_slice_v2_1_11_axic_register_slice__parameterized2' [/csehome/dohbaek/HSD_2018_T1/implementatio/implementatio.srcs/sources_1/bd/design_2/ipshared/0b6b/hdl/axi_register_slice_v2_1_vl_rfs.v:85]
INFO: [Synth 8-256] done synthesizing module 'axi_register_slice_v2_1_11_axic_register_slice__parameterized2' (12#1) [/csehome/dohbaek/HSD_2018_T1/implementatio/implementatio.srcs/sources_1/bd/design_2/ipshared/0b6b/hdl/axi_register_slice_v2_1_vl_rfs.v:85]
INFO: [Synth 8-638] synthesizing module 'axi_infrastructure_v1_1_0_vector2axi' [/csehome/dohbaek/HSD_2018_T1/implementatio/implementatio.srcs/sources_1/bd/design_2/ipshared/7e3a/hdl/axi_infrastructure_v1_1_vl_rfs.v:474]
INFO: [Synth 8-256] done synthesizing module 'axi_infrastructure_v1_1_0_vector2axi' (13#1) [/csehome/dohbaek/HSD_2018_T1/implementatio/implementatio.srcs/sources_1/bd/design_2/ipshared/7e3a/hdl/axi_infrastructure_v1_1_vl_rfs.v:474]
INFO: [Synth 8-256] done synthesizing module 'axi_register_slice_v2_1_11_axi_register_slice' (14#1) [/csehome/dohbaek/HSD_2018_T1/implementatio/implementatio.srcs/sources_1/bd/design_2/ipshared/0b6b/hdl/axi_register_slice_v2_1_vl_rfs.v:791]
INFO: [Synth 8-638] synthesizing module 'axi_register_slice_v2_1_11_axi_register_slice__parameterized0' [/csehome/dohbaek/HSD_2018_T1/implementatio/implementatio.srcs/sources_1/bd/design_2/ipshared/0b6b/hdl/axi_register_slice_v2_1_vl_rfs.v:791]
INFO: [Synth 8-638] synthesizing module 'axi_infrastructure_v1_1_0_axi2vector__parameterized0' [/csehome/dohbaek/HSD_2018_T1/implementatio/implementatio.srcs/sources_1/bd/design_2/ipshared/7e3a/hdl/axi_infrastructure_v1_1_vl_rfs.v:60]
INFO: [Synth 8-256] done synthesizing module 'axi_infrastructure_v1_1_0_axi2vector__parameterized0' (14#1) [/csehome/dohbaek/HSD_2018_T1/implementatio/implementatio.srcs/sources_1/bd/design_2/ipshared/7e3a/hdl/axi_infrastructure_v1_1_vl_rfs.v:60]
INFO: [Synth 8-638] synthesizing module 'axi_register_slice_v2_1_11_axic_register_slice__parameterized3' [/csehome/dohbaek/HSD_2018_T1/implementatio/implementatio.srcs/sources_1/bd/design_2/ipshared/0b6b/hdl/axi_register_slice_v2_1_vl_rfs.v:85]
INFO: [Synth 8-256] done synthesizing module 'axi_register_slice_v2_1_11_axic_register_slice__parameterized3' (14#1) [/csehome/dohbaek/HSD_2018_T1/implementatio/implementatio.srcs/sources_1/bd/design_2/ipshared/0b6b/hdl/axi_register_slice_v2_1_vl_rfs.v:85]
INFO: [Synth 8-638] synthesizing module 'axi_register_slice_v2_1_11_axic_register_slice__parameterized4' [/csehome/dohbaek/HSD_2018_T1/implementatio/implementatio.srcs/sources_1/bd/design_2/ipshared/0b6b/hdl/axi_register_slice_v2_1_vl_rfs.v:85]
INFO: [Synth 8-256] done synthesizing module 'axi_register_slice_v2_1_11_axic_register_slice__parameterized4' (14#1) [/csehome/dohbaek/HSD_2018_T1/implementatio/implementatio.srcs/sources_1/bd/design_2/ipshared/0b6b/hdl/axi_register_slice_v2_1_vl_rfs.v:85]
INFO: [Synth 8-638] synthesizing module 'axi_register_slice_v2_1_11_axic_register_slice__parameterized5' [/csehome/dohbaek/HSD_2018_T1/implementatio/implementatio.srcs/sources_1/bd/design_2/ipshared/0b6b/hdl/axi_register_slice_v2_1_vl_rfs.v:85]
INFO: [Synth 8-256] done synthesizing module 'axi_register_slice_v2_1_11_axic_register_slice__parameterized5' (14#1) [/csehome/dohbaek/HSD_2018_T1/implementatio/implementatio.srcs/sources_1/bd/design_2/ipshared/0b6b/hdl/axi_register_slice_v2_1_vl_rfs.v:85]
INFO: [Synth 8-638] synthesizing module 'axi_register_slice_v2_1_11_axic_register_slice__parameterized6' [/csehome/dohbaek/HSD_2018_T1/implementatio/implementatio.srcs/sources_1/bd/design_2/ipshared/0b6b/hdl/axi_register_slice_v2_1_vl_rfs.v:85]
INFO: [Synth 8-256] done synthesizing module 'axi_register_slice_v2_1_11_axic_register_slice__parameterized6' (14#1) [/csehome/dohbaek/HSD_2018_T1/implementatio/implementatio.srcs/sources_1/bd/design_2/ipshared/0b6b/hdl/axi_register_slice_v2_1_vl_rfs.v:85]
INFO: [Synth 8-638] synthesizing module 'axi_register_slice_v2_1_11_axic_register_slice__parameterized7' [/csehome/dohbaek/HSD_2018_T1/implementatio/implementatio.srcs/sources_1/bd/design_2/ipshared/0b6b/hdl/axi_register_slice_v2_1_vl_rfs.v:85]
INFO: [Synth 8-256] done synthesizing module 'axi_register_slice_v2_1_11_axic_register_slice__parameterized7' (14#1) [/csehome/dohbaek/HSD_2018_T1/implementatio/implementatio.srcs/sources_1/bd/design_2/ipshared/0b6b/hdl/axi_register_slice_v2_1_vl_rfs.v:85]
INFO: [Synth 8-638] synthesizing module 'axi_infrastructure_v1_1_0_vector2axi__parameterized0' [/csehome/dohbaek/HSD_2018_T1/implementatio/implementatio.srcs/sources_1/bd/design_2/ipshared/7e3a/hdl/axi_infrastructure_v1_1_vl_rfs.v:474]
INFO: [Synth 8-256] done synthesizing module 'axi_infrastructure_v1_1_0_vector2axi__parameterized0' (14#1) [/csehome/dohbaek/HSD_2018_T1/implementatio/implementatio.srcs/sources_1/bd/design_2/ipshared/7e3a/hdl/axi_infrastructure_v1_1_vl_rfs.v:474]
INFO: [Synth 8-256] done synthesizing module 'axi_register_slice_v2_1_11_axi_register_slice__parameterized0' (14#1) [/csehome/dohbaek/HSD_2018_T1/implementatio/implementatio.srcs/sources_1/bd/design_2/ipshared/0b6b/hdl/axi_register_slice_v2_1_vl_rfs.v:791]
INFO: [Synth 8-256] done synthesizing module 'axi_protocol_converter_v2_1_11_b2s' (15#1) [/csehome/dohbaek/HSD_2018_T1/implementatio/implementatio.srcs/sources_1/bd/design_2/ipshared/df1b/hdl/axi_protocol_converter_v2_1_vl_rfs.v:4224]
INFO: [Synth 8-256] done synthesizing module 'axi_protocol_converter_v2_1_11_axi_protocol_converter' (16#1) [/csehome/dohbaek/HSD_2018_T1/implementatio/implementatio.srcs/sources_1/bd/design_2/ipshared/df1b/hdl/axi_protocol_converter_v2_1_vl_rfs.v:4806]
INFO: [Synth 8-256] done synthesizing module 'design_2_auto_pc_0' (17#1) [/csehome/dohbaek/HSD_2018_T1/implementatio/implementatio.srcs/sources_1/bd/design_2/ip/design_2_auto_pc_0/synth/design_2_auto_pc_0.v:58]
Finished RTL Elaboration : Time (s): cpu = 00:00:21 ; elapsed = 00:00:22 . Memory (MB): peak = 1210.820 ; gain = 277.555 ; free physical = 1447 ; free virtual = 12209
Finished RTL Optimization Phase 1 : Time (s): cpu = 00:00:22 ; elapsed = 00:00:22 . Memory (MB): peak = 1210.820 ; gain = 277.555 ; free physical = 1447 ; free virtual = 12209
INFO: [Device 21-403] Loading part xc7z020clg484-1
Constraint Validation Runtime : Time (s): cpu = 00:00:00.06 ; elapsed = 00:00:00.04 . Memory (MB): peak = 1520.656 ; gain = 0.000 ; free physical = 1321 ; free virtual = 12083
Finished Constraint Validation : Time (s): cpu = 00:00:29 ; elapsed = 00:00:29 . Memory (MB): peak = 1520.656 ; gain = 587.391 ; free physical = 1225 ; free virtual = 11988
Finished Loading Part and Timing Information : Time (s): cpu = 00:00:29 ; elapsed = 00:00:29 . Memory (MB): peak = 1520.656 ; gain = 587.391 ; free physical = 1225 ; free virtual = 11988
Finished applying 'set_property' XDC Constraints : Time (s): cpu = 00:00:29 ; elapsed = 00:00:29 . Memory (MB): peak = 1520.656 ; gain = 587.391 ; free physical = 1225 ; free virtual = 11988
Finished RTL Optimization Phase 2 : Time (s): cpu = 00:00:29 ; elapsed = 00:00:30 . Memory (MB): peak = 1520.656 ; gain = 587.391 ; free physical = 1218 ; free virtual = 11981
Finished Cross Boundary and Area Optimization : Time (s): cpu = 00:00:31 ; elapsed = 00:00:31 . Memory (MB): peak = 1520.656 ; gain = 587.391 ; free physical = 1185 ; free virtual = 11948
Finished Applying XDC Timing Constraints : Time (s): cpu = 00:00:36 ; elapsed = 00:00:37 . Memory (MB): peak = 1520.656 ; gain = 587.391 ; free physical = 1139 ; free virtual = 11901
Finished Timing Optimization : Time (s): cpu = 00:00:37 ; elapsed = 00:00:38 . Memory (MB): peak = 1520.656 ; gain = 587.391 ; free physical = 1048 ; free virtual = 11810
Finished Technology Mapping : Time (s): cpu = 00:00:38 ; elapsed = 00:00:38 . Memory (MB): peak = 1520.656 ; gain = 587.391 ; free physical = 1033 ; free virtual = 11796
Finished IO Insertion : Time (s): cpu = 00:00:38 ; elapsed = 00:00:38 . Memory (MB): peak = 1520.656 ; gain = 587.391 ; free physical = 1014 ; free virtual = 11776
Finished Renaming Generated Instances : Time (s): cpu = 00:00:38 ; elapsed = 00:00:38 . Memory (MB): peak = 1520.656 ; gain = 587.391 ; free physical = 1014 ; free virtual = 11776
Finished Rebuilding User Hierarchy : Time (s): cpu = 00:00:38 ; elapsed = 00:00:38 . Memory (MB): peak = 1520.656 ; gain = 587.391 ; free physical = 1004 ; free virtual = 11767
Finished Renaming Generated Ports : Time (s): cpu = 00:00:38 ; elapsed = 00:00:38 . Memory (MB): peak = 1520.656 ; gain = 587.391 ; free physical = 1003 ; free virtual = 11765
Finished Handling Custom Attributes : Time (s): cpu = 00:00:38 ; elapsed = 00:00:39 . Memory (MB): peak = 1520.656 ; gain = 587.391 ; free physical = 1008 ; free virtual = 11771
Finished Renaming Generated Nets : Time (s): cpu = 00:00:38 ; elapsed = 00:00:39 . Memory (MB): peak = 1520.656 ; gain = 587.391 ; free physical = 1007 ; free virtual = 11770

Report Cell Usage: 
+------+--------+------+
|      |Cell    |Count |
+------+--------+------+
|1     |CARRY4  |    18|
|2     |LUT1    |    38|
|3     |LUT2    |    22|
|4     |LUT3    |   241|
|5     |LUT4    |    38|
|6     |LUT5    |    68|
|7     |LUT6    |   117|
|8     |SRL16E  |    22|
|9     |SRLC32E |    47|
|10    |FDRE    |   570|
|11    |FDSE    |    52|
+------+--------+------+
Finished Writing Synthesis Report : Time (s): cpu = 00:00:38 ; elapsed = 00:00:39 . Memory (MB): peak = 1520.656 ; gain = 587.391 ; free physical = 1007 ; free virtual = 11769
synth_design: Time (s): cpu = 00:00:37 ; elapsed = 00:00:37 . Memory (MB): peak = 1543.352 ; gain = 542.582 ; free physical = 1554 ; free virtual = 12317
